Sending build context to Docker daemon  15.36kB
Step 1/8 : FROM alpine
 ---> b14afc6dfb98
Step 2/8 : RUN apk add --repository=http://dl-cdn.alpinelinux.org/alpine/edge/community  proftpd proftpd-mod_tls openssl
 ---> Running in 1c68eef455d4
fetch http://dl-cdn.alpinelinux.org/alpine/edge/community/x86_64/APKINDEX.tar.gz
fetch http://dl-cdn.alpinelinux.org/alpine/v3.12/main/x86_64/APKINDEX.tar.gz
fetch http://dl-cdn.alpinelinux.org/alpine/v3.12/community/x86_64/APKINDEX.tar.gz
(1/4) Installing openssl (1.1.1i-r0)
(2/4) Installing pcre (8.44-r0)
(3/4) Installing proftpd (1.3.7a-r0)
Executing proftpd-1.3.7a-r0.pre-install
(4/4) Installing proftpd-mod_tls (1.3.7a-r0)
Executing busybox-1.31.1-r19.trigger
OK: 8 MiB in 18 packages
Removing intermediate container 1c68eef455d4
 ---> 949b3b2a9efc
Step 3/8 : RUN mkdir /run/proftpd/
 ---> Running in c84d0b4d3190
Removing intermediate container c84d0b4d3190
 ---> 89302e43c85c
Step 4/8 : RUN sed -i "s|#DefaultRoot ~|DefaultRoot ~|" /etc/proftpd/proftpd.conf 								&& 	sed -i "s|ProFTPD Default Installation|ft_services FTPs Server !|" /etc/proftpd/proftpd.conf	&& 	echo "PassivePorts 60000 60010" >> /etc/proftpd/proftpd.conf									&& 	echo "SystemLog /var/log/proftpd.log" >> /etc/proftpd/proftpd.conf								&& 	echo "TransferLog /var/log/xferlog" >> /etc/proftpd/proftpd.conf								&& 	touch /var/log/xferlog																			&& 	mkdir /etc/proftpd/ssl																			&& 	openssl req -x509 -nodes -subj '/CN=localhost' -days 365 -newkey rsa:4096 							-keyout /etc/proftpd/ssl/proftpd-key.pem -out /etc/proftpd/ssl/proftpd-rsa.pem					&& 	chmod 440 /etc/proftpd/ssl/proftpd-key.pem
 ---> Running in f16a6a1f8694
[91mGenerating a RSA private key
[0m[91m.[0m[91m.[0m[91m.[0m[91m.[0m[91m.[0m[91m.[0m[91m.[0m[91m.[0m[91m.[0m[91m.[0m[91m+[0m[91m+[0m[91m+[0m[91m+
[0m[91m.[0m[91m.[0m[91m.[0m[91m.[0m[91m.[0m[91m.[0m[91m.[0m[91m.[0m[91m.[0m[91m.[0m[91m.[0m[91m.[0m[91m.[0m[91m.[0m[91m.[0m[91m.[0m[91m.[0m[91m.[0m[91m.[0m[91m.[0m[91m.[0m[91m.[0m[91m.[0m[91m.[0m[91m.[0m[91m.[0m[91m.[0m[91m.[0m[91m.[0m[91m.[0m[91m.[0m[91m.[0m[91m.[0m[91m.[0m[91m.[0m[91m.[0m[91m.[0m[91m.[0m[91m.[0m[91m.[0m[91m.[0m[91m.[0m[91m.[0m[91m.[0m[91m.[0m[91m.[0m[91m.[0m[91m.[0m[91m.[0m[91m.[0m[91m.[0m[91m.[0m[91m.[0m[91m.[0m[91m.[0m[91m.[0m[91m.[0m[91m.[0m[91m.[0m[91m.[0m[91m.[0m[91m.[0m[91m.[0m[91m.[0m[91m.[0m[91m.[0m[91m.[0m[91m.[0m[91m.[0m[91m.[0m[91m.[0m[91m.[0m[91m.[0m[91m.[0m[91m.[0m[91m.[0m[91m.[0m[91m.[0m[91m.[0m[91m.[0m[91m.[0m[91m.[0m[91m.[0m[91m.[0m[91m.[0m[91m.[0m[91m.[0m[91m.[0m[91m.[0m[91m.[0m[91m.[0m[91m.[0m[91m.[0m[91m.[0m[91m.[0m[91m.[0m[91m.[0m[91m.[0m[91m.[0m[91m.[0m[91m.[0m[91m.[0m[91m.[0m[91m.[0m[91m.[0m[91m.[0m[91m.[0m[91m.[0m[91m.[0m[91m.[0m[91m.[0m[91m.[0m[91m.[0m[91m.[0m[91m.[0m[91m.[0m[91m.[0m[91m.[0m[91m.[0m[91m.[0m[91m.[0m[91m.[0m[91m.[0m[91m.[0m[91m.[0m[91m.[0m[91m.[0m[91m.[0m[91m.[0m[91m.[0m[91m.[0m[91m.[0m[91m.[0m[91m.[0m[91m.[0m[91m.[0m[91m.[0m[91m.[0m[91m.[0m[91m.[0m[91m.[0m[91m.[0m[91m.[0m[91m.[0m[91m.[0m[91m.[0m[91m.[0m[91m.[0m[91m.[0m[91m.[0m[91m.[0m[91m.[0m[91m.[0m[91m.[0m[91m.[0m[91m.[0m[91m.[0m[91m.[0m[91m.[0m[91m.[0m[91m.[0m[91m.[0m[91m.[0m[91m.[0m[91m.[0m[91m.[0m[91m.[0m[91m.[0m[91m.[0m[91m.[0m[91m.[0m[91m.[0m[91m.[0m[91m.[0m[91m.[0m[91m.[0m[91m.[0m[91m.[0m[91m.[0m[91m.[0m[91m.[0m[91m.[0m[91m.[0m[91m.[0m[91m.[0m[91m.[0m[91m.[0m[91m.[0m[91m.[0m[91m.[0m[91m.[0m[91m.[0m[91m.[0m[91m.[0m[91m.[0m[91m.[0m[91m.[0m[91m.[0m[91m.[0m[91m.[0m[91m.[0m[91m.[0m[91m.[0m[91m.[0m[91m.[0m[91m.[0m[91m.[0m[91m.[0m[91m.[0m[91m.[0m[91m.[0m[91m.[0m[91m.[0m[91m.[0m[91m.[0m[91m.[0m[91m.[0m[91m.[0m[91m.[0m[91m.[0m[91m.[0m[91m.[0m[91m.[0m[91m.[0m[91m.[0m[91m.[0m[91m.[0m[91m.[0m[91m.[0m[91m.[0m[91m.[0m[91m.[0m[91m.[0m[91m.[0m[91m.[0m[91m.[0m[91m.[0m[91m.[0m[91m.[0m[91m.[0m[91m.[0m[91m.[0m[91m.[0m[91m.[0m[91m.[0m[91m.[0m[91m.[0m[91m.[0m[91m.[0m[91m.[0m[91m.[0m[91m.[0m[91m.[0m[91m.[0m[91m.[0m[91m.[0m[91m.[0m[91m+[0m[91m+[0m[91m+[0m[91m+
[0m[91mwriting new private key to '/etc/proftpd/ssl/proftpd-key.pem'
[0m[91m-----
[0mRemoving intermediate container f16a6a1f8694
 ---> e52481b96f34
Step 5/8 : ADD srcs/launch.sh .
 ---> ba0c75d05b76
Step 6/8 : ADD srcs/tls.conf /etc/proftpd/conf.d/.
 ---> 14fe559db269
Step 7/8 : EXPOSE 21 20
 ---> Running in 647918c53085
Removing intermediate container 647918c53085
 ---> 19ac4ede7b15
Step 8/8 : CMD [ "/bin/ash", "launch.sh" ]
 ---> Running in f242311b49b6
Removing intermediate container f242311b49b6
 ---> d09301053283
Successfully built d09301053283
Successfully tagged ftps-image:latest
