Sending build context to Docker daemon  11.26kB
Step 1/6 : FROM alpine
latest: Pulling from library/alpine
05e7bc50f07f: Pulling fs layer
05e7bc50f07f: Verifying Checksum
05e7bc50f07f: Download complete
05e7bc50f07f: Pull complete
Digest: sha256:a126728cb7db157f0deb377bcba3c5e473e612d7bafc27f6bb4e5e083f9f08c2
Status: Downloaded newer image for alpine:latest
 ---> b14afc6dfb98
Step 2/6 : RUN apk add mysql mysql-client openrc
 ---> Running in eda4c6634b4d
fetch http://dl-cdn.alpinelinux.org/alpine/v3.12/main/x86_64/APKINDEX.tar.gz
fetch http://dl-cdn.alpinelinux.org/alpine/v3.12/community/x86_64/APKINDEX.tar.gz
(1/16) Installing mariadb-common (10.4.15-r0)
(2/16) Installing libaio (0.3.112-r1)
(3/16) Installing xz-libs (5.2.5-r0)
(4/16) Installing ncurses-terminfo-base (6.2_p20200523-r0)
(5/16) Installing ncurses-libs (6.2_p20200523-r0)
(6/16) Installing linux-pam (1.3.1-r4)
(7/16) Installing pcre (8.44-r0)
(8/16) Installing libgcc (9.3.0-r2)
(9/16) Installing libstdc++ (9.3.0-r2)
(10/16) Installing libxml2 (2.9.10-r5)
(11/16) Installing mariadb (10.4.15-r0)
Executing mariadb-10.4.15-r0.pre-install
(12/16) Installing mysql (10.4.15-r0)
(13/16) Installing mariadb-client (10.4.15-r0)
(14/16) Installing mysql-client (10.4.15-r0)
(15/16) Installing openrc (0.42.1-r11)
Executing openrc-0.42.1-r11.post-install
(16/16) Installing mariadb-openrc (10.4.15-r0)
Executing busybox-1.31.1-r19.trigger
OK: 168 MiB in 30 packages
Removing intermediate container eda4c6634b4d
 ---> 483d474e441d
Step 3/6 : ADD srcs/launch.sh .
 ---> ca52d4ca6fef
Step 4/6 : RUN sed -i "s|skip-networking|skip-networking=false|" /etc/my.cnf.d/mariadb-server.cnf
 ---> Running in f78172a426fe
Removing intermediate container f78172a426fe
 ---> 7bb2fb3e2793
Step 5/6 : EXPOSE 3306
 ---> Running in b47557cfccb3
Removing intermediate container b47557cfccb3
 ---> 4853ce079bbb
Step 6/6 : CMD [ "/bin/ash", "launch.sh" ]
 ---> Running in 1630f0dcec51
Removing intermediate container 1630f0dcec51
 ---> cb2556b99297
Successfully built cb2556b99297
Successfully tagged mysql-image:latest
