Sending build context to Docker daemon  11.78kB
Step 1/13 : FROM alpine
 ---> b14afc6dfb98
Step 2/13 : RUN apk add wget tar nginx openssl openrc php7-common php7-iconv php7-json php7-gd php7-curl php7-xml php7-mysqli php7-imap php7-cgi fcgi php7-pdo php7-pdo_mysql php7-soap php7-xmlrpc php7-posix php7-mcrypt php7-gettext php7-ctype php7-dom php7-fpm php7-session php7-mbstring
 ---> Running in b1f3da0ab034
fetch http://dl-cdn.alpinelinux.org/alpine/v3.12/main/x86_64/APKINDEX.tar.gz
fetch http://dl-cdn.alpinelinux.org/alpine/v3.12/community/x86_64/APKINDEX.tar.gz
(1/63) Installing fcgi (2.4.2-r0)
(2/63) Installing pcre (8.44-r0)
(3/63) Installing nginx (1.18.0-r1)
Executing nginx-1.18.0-r1.pre-install
(4/63) Installing openrc (0.42.1-r11)
Executing openrc-0.42.1-r11.post-install
(5/63) Installing openssl (1.1.1g-r0)
(6/63) Installing php7-common (7.3.25-r0)
(7/63) Installing argon2-libs (20190702-r1)
(8/63) Installing ncurses-terminfo-base (6.2_p20200523-r0)
(9/63) Installing ncurses-libs (6.2_p20200523-r0)
(10/63) Installing libedit (20191231.3.1-r0)
(11/63) Installing pcre2 (10.35-r0)
(12/63) Installing xz-libs (5.2.5-r0)
(13/63) Installing libxml2 (2.9.10-r5)
(14/63) Installing php7-cgi (7.3.25-r0)
(15/63) Installing php7-ctype (7.3.25-r0)
(16/63) Installing ca-certificates (20191127-r4)
(17/63) Installing nghttp2-libs (1.41.0-r0)
(18/63) Installing libcurl (7.69.1-r3)
(19/63) Installing php7-curl (7.3.25-r0)
(20/63) Installing php7-dom (7.3.25-r0)
(21/63) Installing php7-fpm (7.3.25-r0)
(22/63) Installing libxau (1.0.9-r0)
(23/63) Installing libbsd (0.10.0-r0)
(24/63) Installing libxdmcp (1.1.3-r0)
(25/63) Installing libxcb (1.14-r1)
(26/63) Installing libx11 (1.6.12-r0)
(27/63) Installing libxext (1.3.4-r0)
(28/63) Installing libice (1.0.10-r0)
(29/63) Installing libuuid (2.35.2-r0)
(30/63) Installing libsm (1.2.3-r0)
(31/63) Installing libxt (1.2.0-r0)
(32/63) Installing libxpm (3.5.13-r0)
(33/63) Installing brotli-libs (1.0.9-r1)
(34/63) Installing libbz2 (1.0.8-r1)
(35/63) Installing libpng (1.6.37-r1)
(36/63) Installing freetype (2.10.4-r0)
(37/63) Installing libjpeg-turbo (2.0.5-r0)
(38/63) Installing libwebp (1.1.0-r0)
(39/63) Installing php7-gd (7.3.25-r0)
(40/63) Installing libintl (0.20.2-r0)
(41/63) Installing php7-gettext (7.3.25-r0)
(42/63) Installing php7-iconv (7.3.25-r0)
(43/63) Installing c-client (2007f-r11)
(44/63) Installing php7-imap (7.3.25-r0)
(45/63) Installing php7-json (7.3.25-r0)
(46/63) Installing php7-mbstring (7.3.25-r0)
(47/63) Installing libmcrypt (2.5.8-r8)
(48/63) Installing php7-pecl-mcrypt (1.0.3-r0)
(49/63) Installing php7-openssl (7.3.25-r0)
(50/63) Installing php7-mysqlnd (7.3.25-r0)
(51/63) Installing php7-mysqli (7.3.25-r0)
(52/63) Installing php7-pdo (7.3.25-r0)
(53/63) Installing php7-pdo_mysql (7.3.25-r0)
(54/63) Installing php7-posix (7.3.25-r0)
(55/63) Installing php7-session (7.3.25-r0)
(56/63) Installing php7-soap (7.3.25-r0)
(57/63) Installing php7-xml (7.3.25-r0)
(58/63) Installing php7-xmlrpc (7.3.25-r0)
(59/63) Installing libacl (2.2.53-r0)
(60/63) Installing tar (1.32-r1)
(61/63) Installing libunistring (0.9.10-r0)
(62/63) Installing libidn2 (2.3.0-r0)
(63/63) Installing wget (1.20.3-r1)
Executing busybox-1.31.1-r19.trigger
Executing ca-certificates-20191127-r4.trigger
OK: 40 MiB in 77 packages
Removing intermediate container b1f3da0ab034
 ---> 557712834923
Step 3/13 : ADD srcs/launch.sh .
 ---> 6da6e48ceb36
Step 4/13 : ADD srcs/nginx.conf /etc/nginx/nginx.conf
 ---> db3f48480401
Step 5/13 : RUN	mkdir /run/nginx /www && 		chown -R nginx:nginx /www && 	 	openssl req -x509 -nodes -subj '/CN=localhost' -days 365 -newkey rsa:4096 		 -keyout /etc/ssl/private/server.key -out /etc/ssl/certs/server.crt
 ---> Running in a4a89f68cfbc
[91mGenerating a RSA private key
[0m[91m.[0m[91m.[0m[91m.[0m[91m.[0m[91m.[0m[91m.[0m[91m.[0m[91m.[0m[91m.[0m[91m.[0m[91m.[0m[91m.[0m[91m.[0m[91m.[0m[91m.[0m[91m.[0m[91m.[0m[91m.[0m[91m.[0m[91m.[0m[91m.[0m[91m.[0m[91m.[0m[91m.[0m[91m.[0m[91m.[0m[91m.[0m[91m.[0m[91m.[0m[91m.[0m[91m.[0m[91m.[0m[91m.[0m[91m.[0m[91m.[0m[91m.[0m[91m.[0m[91m.[0m[91m.[0m[91m.[0m[91m.[0m[91m.[0m[91m.[0m[91m.[0m[91m.[0m[91m.[0m[91m.[0m[91m.[0m[91m.[0m[91m.[0m[91m.[0m[91m.[0m[91m.[0m[91m.[0m[91m.[0m[91m.[0m[91m.[0m[91m.[0m[91m.[0m[91m.[0m[91m.[0m[91m.[0m[91m.[0m[91m.[0m[91m.[0m[91m.[0m[91m.[0m[91m.[0m[91m.[0m[91m.[0m[91m.[0m[91m.[0m[91m.[0m[91m.[0m[91m.[0m[91m.[0m[91m.[0m[91m.[0m[91m.[0m[91m.[0m[91m.[0m[91m.[0m[91m.[0m[91m.[0m[91m.[0m[91m.[0m[91m.[0m[91m.[0m[91m.[0m[91m.[0m[91m.[0m[91m.[0m[91m.[0m[91m.[0m[91m.[0m[91m.[0m[91m.[0m[91m.[0m[91m.[0m[91m.[0m[91m.[0m[91m.[0m[91m.[0m[91m.[0m[91m.[0m[91m.[0m[91m.[0m[91m.[0m[91m.[0m[91m.[0m[91m.[0m[91m.[0m[91m.[0m[91m.[0m[91m.[0m[91m.[0m[91m.[0m[91m.[0m[91m.[0m[91m.[0m[91m.[0m[91m.[0m[91m.[0m[91m.[0m[91m.[0m[91m.[0m[91m.[0m[91m.[0m[91m.[0m[91m.[0m[91m.[0m[91m.[0m[91m.[0m[91m.[0m[91m.[0m[91m.[0m[91m.[0m[91m.[0m[91m.[0m[91m.[0m[91m.[0m[91m.[0m[91m.[0m[91m.[0m[91m.[0m[91m.[0m[91m.[0m[91m.[0m[91m.[0m[91m.[0m[91m.[0m[91m.[0m[91m.[0m[91m.[0m[91m.[0m[91m.[0m[91m.[0m[91m.[0m[91m.[0m[91m.[0m[91m.[0m[91m.[0m[91m.[0m[91m.[0m[91m.[0m[91m.[0m[91m.[0m[91m.[0m[91m.[0m[91m.[0m[91m.[0m[91m.[0m[91m.[0m[91m.[0m[91m.[0m[91m.[0m[91m.[0m[91m.[0m[91m.[0m[91m.[0m[91m.[0m[91m.[0m[91m.[0m[91m.[0m[91m.[0m[91m.[0m[91m.[0m[91m.[0m[91m.[0m[91m.[0m[91m.[0m[91m.[0m[91m.[0m[91m.[0m[91m.[0m[91m.[0m[91m.[0m[91m.[0m[91m.[0m[91m.[0m[91m.[0m[91m.[0m[91m.[0m[91m.[0m[91m.[0m[91m.[0m[91m.[0m[91m.[0m[91m.[0m[91m.[0m[91m.[0m[91m.[0m[91m.[0m[91m.[0m[91m.[0m[91m.[0m[91m.[0m[91m.[0m[91m.[0m[91m.[0m[91m.[0m[91m.[0m[91m.[0m[91m.[0m[91m.[0m[91m.[0m[91m.[0m[91m.[0m[91m.[0m[91m.[0m[91m.[0m[91m.[0m[91m.[0m[91m.[0m[91m.[0m[91m.[0m[91m+[0m[91m+[0m[91m+[0m[91m+
[0m[91m.[0m[91m.[0m[91m.[0m[91m.[0m[91m.[0m[91m.[0m[91m.[0m[91m.[0m[91m.[0m[91m.[0m[91m.[0m[91m.[0m[91m.[0m[91m.[0m[91m.[0m[91m.[0m[91m.[0m[91m.[0m[91m.[0m[91m.[0m[91m.[0m[91m.[0m[91m.[0m[91m.[0m[91m.[0m[91m.[0m[91m.[0m[91m.[0m[91m.[0m[91m.[0m[91m.[0m[91m.[0m[91m.[0m[91m.[0m[91m.[0m[91m.[0m[91m.[0m[91m.[0m[91m.[0m[91m.[0m[91m.[0m[91m.[0m[91m.[0m[91m.[0m[91m.[0m[91m.[0m[91m.[0m[91m.[0m[91m.[0m[91m.[0m[91m.[0m[91m.[0m[91m.[0m[91m.[0m[91m.[0m[91m.[0m[91m.[0m[91m.[0m[91m+[0m[91m+[0m[91m+[0m[91m+
[0m[91mwriting new private key to '/etc/ssl/private/server.key'
[0m[91m-----
[0mRemoving intermediate container a4a89f68cfbc
 ---> 17cf97202683
Step 6/13 : RUN wget https://files.phpmyadmin.net/phpMyAdmin/5.0.4/phpMyAdmin-5.0.4-english.tar.gz
 ---> Running in 73776b1ce3eb
[91m--2020-12-11 16:29:11--  https://files.phpmyadmin.net/phpMyAdmin/5.0.4/phpMyAdmin-5.0.4-english.tar.gz
[0m[91mResolving files.phpmyadmin.net (files.phpmyadmin.net)... [0m[91m185.93.2.26
Connecting to files.phpmyadmin.net (files.phpmyadmin.net)|185.93.2.26|:443... [0m[91mconnected.
[0m[91mHTTP request sent, awaiting response... [0m[91m200 OK
Length: 8058751 (7.7M) [application/octet-stream]
[0m[91mSaving to: 'phpMyAdmin-5.0.4-english.tar.gz'
[0m[91m
     0K .......... .....[0m[91m..... .......... .[0m[91m......... .......[0m[91m...  0%  953K 8s
    50K .......... ...[0m[91m....... .........[0m[91m. .......... .....[0m[91m.....  1%  901K 8s
   100K .......... .[0m[91m......... .......[0m[91m... .......... ...[0m[91m.......  1%  950K 8s
   150K .........[0m[91m. .......... .....[0m[91m..... .......... .[0m[91m.........  2%  902K 8s
   200K .......[0m[91m... .......... ...[0m[91m....... .........[0m[91m. ..........  3%  912K 8s
   250K [0m[91m.....[0m[91m..... .......... .[0m[91m......... .......[0m[91m... ..........  3%  950K 8s
   300K ...[0m[91m....... .........[0m[91m. .......... .....[0m[91m..... ..........  4%  897K 8s
   350K .[0m[91m......... .......[0m[91m... .......... ...[0m[91m....... .........[0m[91m.  5%  701K 8s
   400K .......... .....[0m[91m..... .......... .[0m[91m......... .......[0m[91m...  5%  950K 8s
   450K .......... ...[0m[91m....... .........[0m[91m. .......... .....[0m[91m.....  6%  897K 8s
   500K .......... .[0m[91m......... .......[0m[91m... .......... ...[0m[91m.......  6%  952K 8s
   550K .........[0m[91m. .......... .....[0m[91m..... .......... .[0m[91m.........  7%  898K 8s
   600K .......[0m[91m... .......... ...[0m[91m....... .........[0m[91m. ..........  8%  949K 8s
   650K .....[0m[91m..... .......... .[0m[91m......... .......[0m[91m... ..........  8%  901K 8s
   700K ...[0m[91m....... .........[0m[91m. .......... .....[0m[91m..... ..........  9%  952K 8s
   750K .[0m[91m......... .......[0m[91m... .....[0m[91m..... ...[0m[91m....... .........[0m[91m. 10%  699K 8s
   800K .......[0m[91m... .....[0m[91m..... .......... .[0m[91m......... .......[0m[91m... 10%  897K 8s
   850K .......... ...[0m[91m....... .........[0m[91m. .......... .....[0m[91m..... 11%  954K 8s
   900K .......... .[0m[91m......... .......[0m[91m... .......... ...[0m[91m....... 12%  903K 8s
   950K .........[0m[91m. .......... .....[0m[91m..... .......... .[0m[91m......... 12%  915K 8s[0m[91m
  1000K .......[0m[91m... .......... ...[0m[91m....... .........[0m[91m. .......[0m[91m... 13%  916K 8s
  1050K .....[0m[91m..... .......... .[0m[91m........[0m[91m. .......[0m[91m... .......... 13%  930K 8s
  1100K ..[0m[91m.[0m[91m....... .........[0m[91m. .......... .....[0m[91m..... .......... 14%  916K 7s
  1150K .[0m[91m......... .......[0m[91m... .......... ...[0m[91m....... .........[0m[91m. 15%  702K 8s
  1200K .......... .....[0m[91m..... .......... .[0m[91m......... .......[0m[91m... 15%  900K 7s
  1250K .......... ...[0m[91m....... .........[0m[91m. .......... .....[0m[91m..... 16%  947K 7s
  1300K .......... .[0m[91m......... .......[0m[91m... .......... ...[0m[91m....... 17%  882K 7s
  1350K .........[0m[91m. .......... .....[0m[91m..... .......... .[0m[91m......... 17%  939K 7s
  1400K .......[0m[91m... .......... ...[0m[91m....... .........[0m[91m. .......... 18%  904K 7s
  1450K .....[0m[91m..... .......... .[0m[91m......... .......[0m[91m... .......... 19%  928K 7s
  1500K ...[0m[91m....... .........[0m[91m. .......... .....[0m[91m..... .......... 19%  909K 7s
  1550K .[0m[91m......... .......[0m[91m... .......... ...[0m[91m....... .........[0m[91m. 20%  688K 7s
  1600K .......... .....[0m[91m..... .......... .[0m[91m......... .......[0m[91m... 20%  937K 7s
  1650K .......... ...[0m[91m....... .........[0m[91m. .......... .....[0m[91m..... 21%  899K 7s
  1700K ...[0m[91m....... .[0m[91m......... .......[0m[91m... .......... ...[0m[91m....... 22%  648K 7s
  1750K .........[0m[91m. .......... .....[0m[91m..... .......... .[0m[91m......... 22%  919K 7s
  1800K .......[0m[91m... .....[0m[91m..... ...[0m[91m....... .........[0m[91m. .......... 23%  945K 7s
  1850K .....[0m[91m..... .......... .[0m[91m......... .......[0m[91m... .......... 24%  900K 7s
  1900K ...[0m[91m....... .........[0m[91m. .......... .....[0m[91m..... .......... 24%  915K 7s
  1950K .[0m[91m......... .......[0m[91m... .......... ...[0m[91m....... .........[0m[91m. 25%  553K 7s
  2000K .......... .....[0m[91m..... .......... .[0m[91m......... .......[0m[91m... 26%  909K 7s
  2050K .......... ...[0m[91m....... .........[0m[91m. .......... .....[0m[91m..... 26%  882K 7s
  2100K .......... .[0m[91m......... .......[0m[91m... .......... ...[0m[91m....... 27%  908K 7s
  2150K .........[0m[91m. .......... .....[0m[91m..... .......... .[0m[91m......... 27%  948K 6s
  2200K .......[0m[91m... .......... ...[0m[91m....... .........[0m[91m. .......... 28%  901K 6s
  2250K .....[0m[91m..... .......... .[0m[91m......... .......[0m[91m... .......... 29%  934K 6s
  2300K ...[0m[91m....... .........[0m[91m. .......... .....[0m[91m..... .......... 29%  913K 6s
  2350K .[0m[91m......... .......[0m[91m... .......... ...[0m[91m....... .........[0m[91m. 30%  674K 6s
  2400K .......... .....[0m[91m..... .......... .[0m[91m......... .......[0m[91m... 31%  918K 6s
  2450K .......... ...[0m[91m....... .........[0m[91m. .......... .....[0m[91m..... 31%  918K 6s
  2500K .......... .[0m[91m......... .......[0m[91m... .......... ...[0m[91m....... 32%  916K 6s
  2550K .........[0m[91m. .......... .....[0m[91m..... .......... .[0m[91m......... 33%  930K 6s
  2600K .......[0m[91m... .......... ...[0m[91m....... .........[0m[91m. .......... 33%  915K 6s
  2650K .....[0m[91m..... .......... .[0m[91m......... .......[0m[91m... .......... 34%  934K 6s
  2700K ...[0m[91m....... .........[0m[91m. .......... .....[0m[91m..... .......... 34%  920K 6s
  2750K .[0m[91m......... .......[0m[91m... .......... ...[0m[91m....... .........[0m[91m. 35%  688K 6s
  2800K .......... .....[0m[91m..... .......... .[0m[91m......... .......[0m[91m... 36%  922K 6s
  2850K .......... ...[0m[91m....... .........[0m[91m. .......... .....[0m[91m..... 36%  929K 6s
  2900K .......... [0m[91m.[0m[91m......... .......[0m[91m... .......... ...[0m[91m....... 37%  921K 6s
  2950K .........[0m[91m. .......... .....[0m[91m..... ...[0m[91m....... .[0m[91m......... 38%  917K 6s
  3000K .......[0m[91m... .......... ...[0m[91m....... .........[0m[91m. .......... 38%  927K 6s
  3050K .....[0m[91m..... .......... .[0m[91m......... .......[0m[91m... .......... 39%  934K 5s
  3100K ...[0m[91m....... .........[0m[91m. .......... .....[0m[91m..... .......... 40%  900K 5s
  3150K .[0m[91m......... .......[0m[91m... .......... ...[0m[91m....... .........[0m[91m. 40%  690K 5s
  3200K .......... .....[0m[91m..... .......... .[0m[91m......... .......[0m[91m... 41%  920K 5s
  3250K .......... ...[0m[91m....... .........[0m[91m. .......... .....[0m[91m..... 41%  916K 5s
  3300K .......... .[0m[91m......... .......[0m[91m... .......... ...[0m[91m....... 42%  915K 5s
  3350K .........[0m[91m. .......... .....[0m[91m..... .......... .[0m[91m......... 43%  914K 5s
  3400K .......[0m[91m... .......... ...[0m[91m....... .........[0m[91m. .......... 43%  937K 5s
  3450K .....[0m[91m..... .......... .[0m[91m......... .......[0m[91m... .......... 44%  925K 5s
  3500K ...[0m[91m....... .........[0m[91m. .......... .....[0m[91m..... .......... 45%  904K 5s
  3550K .[0m[91m......... .......[0m[91m... .......... ...[0m[91m....... .........[0m[91m. 45%  691K 5s
  3600K .......... .....[0m[91m..... .......... .[0m[91m......... .......[0m[91m... 46%  934K 5s
  3650K .......... ...[0m[91m....... .........[0m[91m. .......... .....[0m[91m..... 47%  918K 5s
  3700K .......... .[0m[91m......... .......[0m[91m... .......... ...[0m[91m....... 47%  918K 5s
  3750K .........[0m[91m. .......... .....[0m[91m..... .......... .[0m[91m......... 48%  939K 5s
  3800K .......[0m[91m... .......... ...[0m[91m....... .........[0m[91m. .......... 48%  905K 5s
  3850K .....[0m[91m..... .......... .[0m[91m......... .......[0m[91m... .......... 49%  933K 5s
  3900K ...[0m[91m....... .........[0m[91m. .......... .....[0m[91m..... .......... 50%  918K 4s
  3950K .[0m[91m......... .......[0m[91m... .......... ...[0m[91m....... .........[0m[91m. 50%  711K 4s
  4000K .......... .....[0m[91m..... .......... .[0m[91m......... .......[0m[91m... 51%  894K 4s
  4050K .......... ...[0m[91m....... .........[0m[91m. ........[0m[91m.. .....[0m[91m..... 52%  930K 4s
  4100K .......... .[0m[91m......... .......[0m[91m... .......... ...[0m[91m....... 52%  923K 4s
  4150K .........[0m[91m. .......... .....[0m[91m..... .......... .[0m[91m......... 53%  925K 4s
  4200K .....[0m[91m..[0m[91m... .......... ...[0m[91m....... .........[0m[91m. .......... 54%  920K 4s
  4250K .....[0m[91m..... .......... .[0m[91m......... .......[0m[91m... .......... 54%  945K 4s
  4300K ...[0m[91m....... .........[0m[91m. .......... .....[0m[91m..... .......... 55%  904K 4s
  4350K .[0m[91m......... .......[0m[91m... .......... ...[0m[91m....... .........[0m[91m. 55%  682K 4s
  4400K .......... .....[0m[91m..... .......... .[0m[91m......... .......[0m[91m... 56%  919K 4s
  4450K .......... ...[0m[91m....... .........[0m[91m. .......... .....[0m[91m..... 57%  944K 4s
  4500K .......... .[0m[91m......... .......[0m[91m... .......... ...[0m[91m....... 57%  705K 4s
  4550K .[0m[91m........[0m[91m. .......... .....[0m[91m..... .......... .[0m[91m......... 58% 1.27M 4s
  4600K .......[0m[91m... .......... ...[0m[91m....... .........[0m[91m. .......... 59%  925K 4s
  4650K .....[0m[91m..... .......... .[0m[91m......... .......[0m[91m... .......... 59%  932K 4s
  4700K ...[0m[91m....... .........[0m[91m. .......... .....[0m[91m..... .......... 60%  913K 4s
  4750K .[0m[91m......... .......[0m[91m... .......... ...[0m[91m....... .........[0m[91m. 60%  700K 3s
  4800K .......... .....[0m[91m..... .......... .[0m[91m......... .......[0m[91m... 61%  914K 3s
  4850K .......... ...[0m[91m....... .........[0m[91m. .......... .....[0m[91m..... 62%  943K 3s
  4900K .......... .[0m[91m......... .......[0m[91m... .......... ...[0m[91m....... 62%  911K 3s
  4950K .........[0m[91m. .......... .....[0m[91m..... .......... .[0m[91m......... 63%  943K 3s
  5000K .......[0m[91m... .......... ...[0m[91m....... .........[0m[91m. .......... 64%  906K 3s
  5050K .....[0m[91m..... .......... .[0m[91m......... .......[0m[91m... .......... 64%  928K 3s
  5100K ...[0m[91m....... .........[0m[91m. .......... .....[0m[91m..... .......... 65%  913K 3s
  5150K .[0m[91m......... .......[0m[91m... .......... ...[0m[91m....... .........[0m[91m. 66%  702K 3s
  5200K .......... .....[0m[91m..... .......... .[0m[91m......... .......[0m[91m... 66%  920K 3s
  5250K .......... ...[0m[91m....... .........[0m[91m. .......[0m[91m... .....[0m[91m..... 67%  929K 3s
  5300K .......... .[0m[91m......... .......[0m[91m... .......... ...[0m[91m....... 67%  943K 3s
  5350K .........[0m[91m. .......... .....[0m[91m..... .......... .[0m[91m......... 68%  916K 3s
  5400K .......[0m[91m... .......... ...[0m[91m....... .........[0m[91m. .......... 69%  903K 3s
  5450K .....[0m[91m..... .......... .[0m[91m......... .......[0m[91m... .......... 69%  919K 3s
  5500K ...[0m[91m....... .........[0m[91m. .......... .....[0m[91m..... .......... 70%  921K 3s
  5550K .[0m[91m......... .......[0m[91m... .......... ...[0m[91m....... .........[0m[91m. 71%  696K 3s
  5600K .......... .....[0m[91m..... .......... .[0m[91m......... .......[0m[91m... 71%  903K 3s
  5650K .......... ...[0m[91m....... .........[0m[91m. .......... .....[0m[91m..... 72%  935K 2s
  5700K .......... .[0m[91m......... .......[0m[91m... .......... ...[0m[91m....... 73%  913K 2s
  5750K .........[0m[91m. .......... .....[0m[91m..... .......... .[0m[91m......... 73%  914K 2s
  5800K .......[0m[91m... .......... ...[0m[91m....... .........[0m[91m. .......... 74%  929K 2s
  5850K .....[0m[91m..... .......... .[0m[91m......... .......[0m[91m... .......... 74%  903K 2s
  5900K ...[0m[91m....... .........[0m[91m. .......... .....[0m[91m..... .......... 75%  808K 2s
  5950K .[0m[91m......... .......[0m[91m... .......... ...[0m[91m....... .........[0m[91m. 76%  702K 2s
  6000K .......... .....[0m[91m..... .......... .[0m[91m......... .......[0m[91m... 76%  930K 2s
  6050K .......... ...[0m[91m....... .........[0m[91m. .......... .....[0m[91m..... 77%  953K 2s
  6100K .......... .[0m[91m......... .......[0m[91m... .......... ...[0m[91m....... 78%  906K 2s
  6150K .........[0m[91m. .......... .....[0m[91m..... .......... .[0m[91m......... 78%  946K 2s
  6200K .......[0m[91m... .......... ...[0m[91m....... .........[0m[91m. .......... 79%  904K 2s
  6250K .....[0m[91m..... .......... .[0m[91m......... .......[0m[91m... .......... 80%  911K 2s
  6300K ...[0m[91m....... .........[0m[91m. .......... .....[0m[91m..... .......... 80%  933K 2s
  6350K .[0m[91m......... .......[0m[91m... .......... ...[0m[91m....... .[0m[91m........[0m[91m. 81%  700K 2s
  6400K .......... .....[0m[91m..... .......... .[0m[91m......... .......[0m[91m... 81%  700K 2s
  6450K .......... ...[0m[91m....... .........[0m[91m. .......... .....[0m[91m..... 82%  514K 2s
  6500K .......... .[0m[91m......... .......[0m[91m... .......... ...[0m[91m....... 83%  913K 2s
  6550K .........[0m[91m. .......... .....[0m[91m..... .......... .[0m[91m......... 83%  930K 1s
  6600K .......[0m[91m... .......... ...[0m[91m....... .........[0m[91m. .......... 84%  896K 1s
  6650K .....[0m[91m..... .......... .[0m[91m......... .......[0m[91m... .......... 85%  937K 1s
  6700K ...[0m[91m....... .........[0m[91m. .......... .....[0m[91m..... .......... 85%  943K 1s
  6750K .[0m[91m......... .......[0m[91m... .......... ...[0m[91m....... .........[0m[91m. 86%  704K 1s
  6800K .......... .....[0m[91m..... .......... .[0m[91m......... .......[0m[91m... 87%  903K 1s
  6850K .....[0m[91m..... ...[0m[91m....... .........[0m[91m. .......... .....[0m[91m..... 87%  943K 1s
  6900K .......... .[0m[91m......... .......[0m[91m... .......... ...[0m[91m....... 88%  905K 1s
  6950K .[0m[91m........[0m[91m. .......... .....[0m[91m..... .......... .[0m[91m......... 88%  928K 1s
  7000K .......[0m[91m... .......... ...[0m[91m....... .........[0m[91m. .......... 89%  916K 1s
  7050K .....[0m[91m..... .......... .[0m[91m......... .......[0m[91m... .......... 90%  935K 1s
  7100K ...[0m[91m....... .........[0m[91m. .......... .....[0m[91m..... .......... 90%  917K 1s
  7150K .[0m[91m......... .......[0m[91m... .......... ...[0m[91m....... .........[0m[91m. 91%  697K 1s
  7200K .......... .....[0m[91m..... .......... .[0m[91m......... .......[0m[91m... 92%  913K 1s
  7250K .......... ...[0m[91m....... .........[0m[91m. .......... .....[0m[91m..... 92%  956K 1s
  7300K ...[0m[91m....... .[0m[91m......... .......[0m[91m... .......... ...[0m[91m....... 93%  899K 1s
  7350K .........[0m[91m. .......... .....[0m[91m..... .......... .[0m[91m......... 94%  919K 1s
  7400K .......[0m[91m... .......... ...[0m[91m....... .........[0m[91m. .......... 94%  906K 0s
  7450K .....[0m[91m..... .......... .[0m[91m......... .......[0m[91m... .......... 95%  942K 0s
  7500K ...[0m[91m....... .........[0m[91m. .......... .....[0m[91m..... .......... 95%  946K 0s
  7550K .[0m[91m......... .......[0m[91m... .......... ...[0m[91m....... .........[0m[91m. 96%  678K 0s
  7600K .......... ...[0m[91m..[0m[91m..... .......... .[0m[91m......... .......[0m[91m... 97%  908K 0s
  7650K .......... ..[0m[91m.[0m[91m....... .........[0m[91m. .......... .....[0m[91m..... 97%  916K 0s
  7700K .[0m[91m......... .[0m[91m......... .......[0m[91m... .......... ...[0m[91m....... 98%  940K 0s
  7750K .........[0m[91m. .......... .....[0m[91m..... .......... .[0m[91m......... 99%  911K 0s
  7800K .......[0m[91m... .......... ...[0m[91m....... .........[0m[91m. .......... 99%  936K 0s
  7850K .....[0m[91m..... .........                               [0m[91m   100% 1.35M=9.0s

[0m[91m2020-12-11 16:29:20 (876 KB/s) - 'phpMyAdmin-5.0.4-english.tar.gz' saved [8058751/8058751]

[0mRemoving intermediate container 73776b1ce3eb
 ---> 0d54c092cf53
Step 7/13 : RUN	tar xzf phpMyAdmin-5.0.4-english.tar.gz -C /www/
 ---> Running in a6c6ab20061e
Removing intermediate container a6c6ab20061e
 ---> 6688f68a4588
Step 8/13 : RUN	mv /www/phpMyAdmin-5.0.4-english /www/phpmyadmin
 ---> Running in 2f5d2eeb9ddc
Removing intermediate container 2f5d2eeb9ddc
 ---> edc3dfb131a3
Step 9/13 : RUN	sed -e "s|cfg\['blowfish_secret'\] = ''|cfg['blowfish_secret'] = '$(openssl rand -base64 32)'|" /www/phpmyadmin/config.sample.inc.php > /www/phpmyadmin/config.inc.php
 ---> Running in 5cea937f6d56
Removing intermediate container 5cea937f6d56
 ---> c26b1a342062
Step 10/13 : RUN	sed -i "s|i\]\['host'\] = 'localhost';|i]['host'] = 'mysql-svc.default.svc.cluster.local';|" /www/phpmyadmin/config.inc.php
 ---> Running in c6da670d7437
Removing intermediate container c6da670d7437
 ---> eadd05d5fc39
Step 11/13 : RUN mkdir /www/phpmyadmin/tmp && chmod 777 /www/phpmyadmin/tmp
 ---> Running in 8f79b544beec
Removing intermediate container 8f79b544beec
 ---> 900f489eecca
Step 12/13 : EXPOSE 5000
 ---> Running in e2dceadcbf0b
Removing intermediate container e2dceadcbf0b
 ---> d6c3e0c3012e
Step 13/13 : CMD [ "/bin/ash", "launch.sh" ]
 ---> Running in 639fc17b1d91
Removing intermediate container 639fc17b1d91
 ---> 6ff68017bbc7
Successfully built 6ff68017bbc7
Successfully tagged phpmyadmin-image:latest
