Sending build context to Docker daemon  646.1kB
Step 1/10 : FROM 	alpine
latest: Pulling from library/alpine
05e7bc50f07f: Pulling fs layer
05e7bc50f07f: Verifying Checksum
05e7bc50f07f: Download complete
05e7bc50f07f: Pull complete
Digest: sha256:a126728cb7db157f0deb377bcba3c5e473e612d7bafc27f6bb4e5e083f9f08c2
Status: Downloaded newer image for alpine:latest
 ---> b14afc6dfb98
Step 2/10 : RUN 	apk add wget nginx openssl openrc php7-common php7-iconv php7-json php7-gd php7-curl php7-xml php7-mysqli php7-imap php7-cgi fcgi php7-pdo php7-pdo_mysql php7-soap php7-xmlrpc php7-posix php7-mcrypt php7-gettext php7-ldap php7-ctype php7-dom php7-fpm mysql-client
 ---> Running in c005b56ae399
fetch http://dl-cdn.alpinelinux.org/alpine/v3.12/main/x86_64/APKINDEX.tar.gz
fetch http://dl-cdn.alpinelinux.org/alpine/v3.12/community/x86_64/APKINDEX.tar.gz
(1/68) Installing fcgi (2.4.2-r0)
(2/68) Installing mariadb-common (10.4.15-r0)
(3/68) Installing ncurses-terminfo-base (6.2_p20200523-r0)
(4/68) Installing ncurses-libs (6.2_p20200523-r0)
(5/68) Installing libgcc (9.3.0-r2)
(6/68) Installing libstdc++ (9.3.0-r2)
(7/68) Installing mariadb-client (10.4.15-r0)
(8/68) Installing mysql-client (10.4.15-r0)
(9/68) Installing pcre (8.44-r0)
(10/68) Installing nginx (1.18.0-r1)
Executing nginx-1.18.0-r1.pre-install
(11/68) Installing openrc (0.42.1-r11)
Executing openrc-0.42.1-r11.post-install
(12/68) Installing openssl (1.1.1i-r0)
(13/68) Installing php7-common (7.3.25-r0)
(14/68) Installing argon2-libs (20190702-r1)
(15/68) Installing libedit (20191231.3.1-r0)
(16/68) Installing pcre2 (10.35-r0)
(17/68) Installing xz-libs (5.2.5-r0)
(18/68) Installing libxml2 (2.9.10-r5)
(19/68) Installing php7-cgi (7.3.25-r0)
(20/68) Installing php7-ctype (7.3.25-r0)
(21/68) Installing ca-certificates (20191127-r4)
(22/68) Installing nghttp2-libs (1.41.0-r0)
(23/68) Installing libcurl (7.69.1-r3)
(24/68) Installing php7-curl (7.3.25-r0)
(25/68) Installing php7-dom (7.3.25-r0)
(26/68) Installing php7-fpm (7.3.25-r0)
(27/68) Installing libxau (1.0.9-r0)
(28/68) Installing libbsd (0.10.0-r0)
(29/68) Installing libxdmcp (1.1.3-r0)
(30/68) Installing libxcb (1.14-r1)
(31/68) Installing libx11 (1.6.12-r0)
(32/68) Installing libxext (1.3.4-r0)
(33/68) Installing libice (1.0.10-r0)
(34/68) Installing libuuid (2.35.2-r0)
(35/68) Installing libsm (1.2.3-r0)
(36/68) Installing libxt (1.2.0-r0)
(37/68) Installing libxpm (3.5.13-r0)
(38/68) Installing brotli-libs (1.0.9-r1)
(39/68) Installing libbz2 (1.0.8-r1)
(40/68) Installing libpng (1.6.37-r1)
(41/68) Installing freetype (2.10.4-r0)
(42/68) Installing libjpeg-turbo (2.0.5-r0)
(43/68) Installing libwebp (1.1.0-r0)
(44/68) Installing php7-gd (7.3.25-r0)
(45/68) Installing libintl (0.20.2-r0)
(46/68) Installing php7-gettext (7.3.25-r0)
(47/68) Installing php7-iconv (7.3.25-r0)
(48/68) Installing c-client (2007f-r11)
(49/68) Installing php7-imap (7.3.25-r0)
(50/68) Installing php7-json (7.3.25-r0)
(51/68) Installing db (5.3.28-r1)
(52/68) Installing libsasl (2.1.27-r6)
(53/68) Installing libldap (2.4.50-r1)
(54/68) Installing php7-ldap (7.3.25-r0)
(55/68) Installing libmcrypt (2.5.8-r8)
(56/68) Installing php7-pecl-mcrypt (1.0.3-r0)
(57/68) Installing php7-openssl (7.3.25-r0)
(58/68) Installing php7-mysqlnd (7.3.25-r0)
(59/68) Installing php7-mysqli (7.3.25-r0)
(60/68) Installing php7-pdo (7.3.25-r0)
(61/68) Installing php7-pdo_mysql (7.3.25-r0)
(62/68) Installing php7-posix (7.3.25-r0)
(63/68) Installing php7-soap (7.3.25-r0)
(64/68) Installing php7-xml (7.3.25-r0)
(65/68) Installing php7-xmlrpc (7.3.25-r0)
(66/68) Installing libunistring (0.9.10-r0)
(67/68) Installing libidn2 (2.3.0-r0)
(68/68) Installing wget (1.20.3-r1)
Executing busybox-1.31.1-r19.trigger
Executing ca-certificates-20191127-r4.trigger
OK: 72 MiB in 82 packages
Removing intermediate container c005b56ae399
 ---> 62620ed11a1a
Step 3/10 : ADD		srcs/nginx.conf	/etc/nginx/
 ---> 9629d8c89d11
Step 4/10 : ADD		srcs/launch.sh .
 ---> 875a0f1ab64e
Step 5/10 : ADD		srcs/db_wordpress.sql .
 ---> fb3062802bbf
Step 6/10 : RUN		mkdir /run/nginx /www && 		chown -R nginx:nginx /www && 	 	openssl req -x509 -nodes -subj '/CN=localhost' -days 365 -newkey rsa:4096 		 -keyout /etc/ssl/private/server.key -out /etc/ssl/certs/server.crt
 ---> Running in df16544a5607
[91mGenerating a RSA private key
[0m[91m.[0m[91m.[0m[91m.[0m[91m.[0m[91m.[0m[91m.[0m[91m.[0m[91m.[0m[91m.[0m[91m.[0m[91m.[0m[91m.[0m[91m.[0m[91m.[0m[91m.[0m[91m.[0m[91m.[0m[91m.[0m[91m.[0m[91m.[0m[91m.[0m[91m.[0m[91m.[0m[91m.[0m[91m.[0m[91m.[0m[91m.[0m[91m.[0m[91m.[0m[91m.[0m[91m.[0m[91m.[0m[91m.[0m[91m.[0m[91m.[0m[91m.[0m[91m.[0m[91m.[0m[91m.[0m[91m.[0m[91m.[0m[91m.[0m[91m.[0m[91m.[0m[91m.[0m[91m.[0m[91m.[0m[91m.[0m[91m.[0m[91m.[0m[91m.[0m[91m.[0m[91m.........................[0m[91m.[0m[91m.[0m[91m.[0m[91m.[0m[91m.[0m[91m.[0m[91m.[0m[91m.[0m[91m.[0m[91m.[0m[91m.[0m[91m.[0m[91m.[0m[91m.[0m[91m.[0m[91m.[0m[91m.[0m[91m.[0m[91m.[0m[91m.[0m[91m.[0m[91m.[0m[91m.[0m[91m.[0m[91m.[0m[91m.[0m[91m.[0m[91m.[0m[91m.[0m[91m.[0m[91m.[0m[91m.[0m[91m.[0m[91m.[0m[91m.[0m[91m.[0m[91m.[0m[91m.[0m[91m.[0m[91m.[0m[91m.[0m[91m.[0m[91m.[0m[91m.[0m[91m.[0m[91m.[0m[91m.[0m[91m.[0m[91m.[0m[91m.[0m[91m.[0m[91m.[0m[91m.[0m[91m.[0m[91m.[0m[91m.[0m[91m.[0m[91m.[0m[91m.[0m[91m.[0m[91m.[0m[91m.[0m[91m.[0m[91m.[0m[91m.[0m[91m.[0m[91m.[0m[91m.[0m[91m.[0m[91m.[0m[91m.[0m[91m.[0m[91m.[0m[91m.[0m[91m.[0m[91m.[0m[91m.[0m[91m.[0m[91m.[0m[91m.[0m[91m.[0m[91m.[0m[91m.[0m[91m.[0m[91m.[0m[91m.[0m[91m.[0m[91m.[0m[91m.[0m[91m.[0m[91m.[0m[91m.[0m[91m.[0m[91m.[0m[91m.[0m[91m+[0m[91m+[0m[91m+[0m[91m+
[0m[91m.[0m[91m.[0m[91m.[0m[91m.[0m[91m.[0m[91m.[0m[91m.[0m[91m.[0m[91m.[0m[91m.[0m[91m.[0m[91m.[0m[91m.[0m[91m.[0m[91m.[0m[91m.[0m[91m.[0m[91m.[0m[91m.[0m[91m.[0m[91m.[0m[91m.[0m[91m.[0m[91m.[0m[91m.[0m[91m.[0m[91m.[0m[91m.[0m[91m.[0m[91m.[0m[91m.[0m[91m.[0m[91m.[0m[91m.[0m[91m.[0m[91m.[0m[91m.[0m[91m.[0m[91m.[0m[91m.[0m[91m.[0m[91m.[0m[91m.[0m[91m.[0m[91m.[0m[91m.[0m[91m.[0m[91m.[0m[91m.[0m[91m.[0m[91m.[0m[91m.[0m[91m.[0m[91m.[0m[91m.[0m[91m.[0m[91m.[0m[91m.[0m[91m.[0m[91m.[0m[91m+[0m[91m+[0m[91m+[0m[91m+
[0m[91mwriting new private key to '/etc/ssl/private/server.key'
[0m[91m-----
[0mRemoving intermediate container df16544a5607
 ---> 551e391d3fed
Step 7/10 : RUN 	wget -q https://wordpress.org/latest.tar.gz && 		tar xzf latest.tar.gz -C /www/
 ---> Running in 7226c740731e
Removing intermediate container 7226c740731e
 ---> d34325f35db7
Step 8/10 : ADD		srcs/wp-config.php /www/wordpress/.
 ---> 19ec1446e06e
Step 9/10 : EXPOSE	5050
 ---> Running in 40333d4b3e4f
Removing intermediate container 40333d4b3e4f
 ---> 2f322f06696e
Step 10/10 : CMD		[ "/bin/ash", "/launch.sh" ]
 ---> Running in 8f2f2394a113
Removing intermediate container 8f2f2394a113
 ---> 4c03762144bb
Successfully built 4c03762144bb
Successfully tagged wordpress-image:latest
